<?xml version="1.0" encoding="UTF-8"?>
<testng-results ignored="0" total="1" passed="1" failed="0" skipped="0">
  <reporter-output>
  </reporter-output>
  <suite started-at="2024-03-11T08:16:15 EDT" name="Default suite" finished-at="2024-03-11T08:16:21 EDT" duration-ms="5800">
    <groups>
    </groups>
    <test started-at="2024-03-11T08:16:15 EDT" name="Default test" finished-at="2024-03-11T08:16:21 EDT" duration-ms="5800">
      <class name="p5.q5p2">
        <test-method is-config="true" signature="openBrowser()[pri:0, instance:p5.q5p2@4f6ee6e4]" started-at="2024-03-11T08:16:13 EDT" name="openBrowser" finished-at="2024-03-11T08:16:15 EDT" duration-ms="1939" status="PASS">
          <reporter-output>
          </reporter-output>
        </test-method> <!-- openBrowser -->
        <test-method is-config="true" signature="launchGoogle()[pri:0, instance:p5.q5p2@4f6ee6e4]" started-at="2024-03-11T08:16:15 EDT" name="launchGoogle" finished-at="2024-03-11T08:16:16 EDT" duration-ms="1483" status="PASS">
          <reporter-output>
          </reporter-output>
        </test-method> <!-- launchGoogle -->
        <test-method is-config="true" signature="performSearchAndClick1stLink()[pri:0, instance:p5.q5p2@4f6ee6e4]" started-at="2024-03-11T08:16:16 EDT" name="performSearchAndClick1stLink" finished-at="2024-03-11T08:16:19 EDT" duration-ms="2790" status="PASS">
          <reporter-output>
          </reporter-output>
        </test-method> <!-- performSearchAndClick1stLink -->
        <test-method signature="FacebookPageTitleVerification()[pri:0, instance:p5.q5p2@4f6ee6e4]" started-at="2024-03-11T08:16:19 EDT" name="FacebookPageTitleVerification" finished-at="2024-03-11T08:16:20 EDT" duration-ms="1079" status="PASS">
          <reporter-output>
          </reporter-output>
        </test-method> <!-- FacebookPageTitleVerification -->
        <test-method is-config="true" signature="driverExit()[pri:0, instance:p5.q5p2@4f6ee6e4]" started-at="2024-03-11T08:16:20 EDT" name="driverExit" finished-at="2024-03-11T08:16:21 EDT" duration-ms="372" status="PASS">
          <reporter-output>
          </reporter-output>
        </test-method> <!-- driverExit -->
      </class> <!-- p5.q5p2 -->
    </test> <!-- Default test -->
  </suite> <!-- Default suite -->
</testng-results>
