<?xml version="1.0" encoding="UTF-8"?>
<testng-results ignored="0" total="3" passed="3" failed="0" skipped="0">
  <reporter-output>
  </reporter-output>
  <suite started-at="2024-03-10T22:17:48 EDT" name="Suite" finished-at="2024-03-10T22:18:07 EDT" duration-ms="18739">
    <groups>
    </groups>
    <test started-at="2024-03-10T22:17:48 EDT" name="Test" finished-at="2024-03-10T22:18:07 EDT" duration-ms="18739">
      <class name="p6.q6">
        <test-method signature="executeSessionOne()[pri:0, instance:p6.q6@647e447]" started-at="2024-03-10T22:17:48 EDT" name="executeSessionOne" finished-at="2024-03-10T22:18:04 EDT" duration-ms="15937" status="PASS">
          <reporter-output>
          </reporter-output>
        </test-method> <!-- executeSessionOne -->
        <test-method signature="executeSessionTwo()[pri:0, instance:p6.q6@647e447]" started-at="2024-03-10T22:17:48 EDT" name="executeSessionTwo" finished-at="2024-03-10T22:18:07 EDT" duration-ms="18669" status="PASS">
          <reporter-output>
          </reporter-output>
        </test-method> <!-- executeSessionTwo -->
        <test-method signature="executeSessionThree()[pri:0, instance:p6.q6@647e447]" started-at="2024-03-10T22:17:48 EDT" name="executeSessionThree" finished-at="2024-03-10T22:18:03 EDT" duration-ms="14625" status="PASS">
          <reporter-output>
          </reporter-output>
        </test-method> <!-- executeSessionThree -->
      </class> <!-- p6.q6 -->
    </test> <!-- Test -->
  </suite> <!-- Suite -->
</testng-results>
